<?xml version="1.0" encoding="UTF-8"?>
<!-- Generated by org.testng.reporters.JUnitReportReporter -->
<testsuite hostname="Adarsh*con-RG9M5920FF" failures="0" tests="2" name="prodTest" time="36.180" errors="0" timestamp="2023-07-24T20:02:24 IST" skipped="0">
  <testcase classname="prodTest" name="testPodcastsPage" time="17.581"/>
  <testcase classname="prodTest" name="testPodcastsPage" time="18.599"/>
</testsuite> <!-- prodTest -->
