<?xml version="1.0" encoding="UTF-8"?>
<!-- Generated by org.testng.reporters.JUnitReportReporter -->
<testsuite hostname="Adarsh*con-RG9M5920FF" failures="0" tests="1" name="prodTest" time="11.936" errors="0" timestamp="2023-07-24T16:50:03 IST" skipped="0">
  <testcase classname="prodTest" name="testPodcastsPage" time="11.936"/>
</testsuite> <!-- prodTest -->
